<?xml version="1.0" encoding="UTF-8"?>
<!-- Generated by org.testng.reporters.JUnitReportReporter -->
<testsuite hostname="DESKTOP-355R97V" failures="0" tests="1" name="Com.TestLayer.PimPageTest" time="1.991" errors="0" timestamp="2024-01-22T16:39:39 IST" skipped="0">
  <testcase classname="Com.TestLayer.PimPageTest" name="validiatePimPageFunctionality" time="1.991"/>
  <system-out/>
</testsuite> <!-- Com.TestLayer.PimPageTest -->
