<?xml version="1.0" encoding="UTF-8"?>
<!-- Generated by org.testng.reporters.JUnitReportReporter -->
<testsuite hostname="DESKTOP-355R97V" failures="0" tests="1" name="Com.TestLayer.PimPageTest" time="3.195" errors="0" timestamp="2024-01-22T15:40:35 IST" skipped="0">
  <testcase classname="Com.TestLayer.PimPageTest" name="validiatePimPageFunctionality" time="3.195"/>
  <system-out/>
</testsuite> <!-- Com.TestLayer.PimPageTest -->
