<?xml version="1.0" encoding="UTF-8"?>
<!-- Generated by org.testng.reporters.JUnitReportReporter -->
<testsuite hostname="DESKTOP-355R97V" failures="0" tests="1" name="Com.TestLayer.AddEmpPageTest" time="3.159" errors="0" timestamp="2024-01-22T16:39:39 IST" skipped="0">
  <testcase classname="Com.TestLayer.AddEmpPageTest" name="validiateaddEmployeePageFunctionality" time="3.159"/>
  <system-out/>
</testsuite> <!-- Com.TestLayer.AddEmpPageTest -->
