<?xml version="1.0" encoding="UTF-8"?>
<!-- Generated by org.testng.reporters.JUnitReportReporter -->
<testsuite hostname="DESKTOP-355R97V" failures="0" tests="1" name="Com.TestLayer.LoginPageTest" time="2.879" errors="0" timestamp="2024-01-22T16:39:39 IST" skipped="0">
  <testcase classname="Com.TestLayer.LoginPageTest" name="validiateLoginPageFunctionality" time="2.879"/>
  <system-out/>
</testsuite> <!-- Com.TestLayer.LoginPageTest -->
